 [Fri Nov 28 19:38:04 2008] <rmayorga:#rm-bot> foobert
 [Fri Nov 28 19:38:06 2008] <rmayorga:#rm-bot> salite maje
 [Fri Nov 28 19:38:09 2008] <rmayorga:#rm-bot> kkkk
 [Fri Nov 28 20:48:07 2008] <rmayorga:#rm-bot> rot13 foobarong
 [Fri Nov 28 20:48:31 2008] <rmayorga:#rm-bot> !foobarong sbbonet
 [Fri Nov 28 20:48:39 2008] <rmayorga:#rm-bot> !rot12 foobar
 [Fri Nov 28 20:48:44 2008] <rmayorga:#rm-bot> !rot13 foobar
 [Fri Nov 28 20:48:48 2008] <rmayorga:#rm-bot> rot13 foobar
 [Fri Nov 28 20:59:33 2008] <rmayorga:#rm-bot> foo
 [Fri Nov 28 20:59:37 2008] <rmayorga:#rm-bot> bar
 [Fri Nov 28 20:59:43 2008] <rmayorga:#rm-bot> @hola
 [Fri Nov 28 21:01:19 2008] <rmayorga:#rm-bot> hola
 [Fri Nov 28 21:01:21 2008] <rmayorga:#rm-bot> bot feo
 [Fri Nov 28 21:01:24 2008] <rmayorga:#rm-bot> @hola
 [Fri Nov 28 21:02:00 2008] <rmayorga:#rm-bot> @bar
 [Fri Nov 28 21:03:05 2008] <rmayorga:#rm-bot> @hola
 [Fri Nov 28 21:13:53 2008] <rmayorga:#rm-bot> hola
 [Fri Nov 28 21:13:54 2008] <rmayorga:#rm-bot> mierda
 [Fri Nov 28 21:13:58 2008] <rmayorga:#rm-bot> foobot: hola
 [Fri Nov 28 21:14:19 2008] <rmayorga:#rm-bot> @hola
 [Fri Nov 28 21:15:52 2008] <rmayorga:#rm-bot> hola foobot 
 [Fri Nov 28 21:15:56 2008] <rmayorga:#rm-bot> foobot: hola
 [Fri Nov 28 21:16:05 2008] <rmayorga:#rm-bot> @hola
 [Fri Nov 28 21:17:16 2008] <rmayorga:#rm-bot> foobot: hola
 [Fri Nov 28 21:18:31 2008] <rmayorga:#rm-bot> hola foobot 
 [Fri Nov 28 21:18:34 2008] <rmayorga:#rm-bot> foobot: hola
 [Fri Nov 28 21:19:31 2008] <rmayorga:#rm-bot> foobot: hola
 [Fri Nov 28 21:19:34 2008] <rmayorga:#rm-bot> @hola
 [Fri Nov 28 21:19:38 2008] <rmayorga:#rm-bot> bot de mierda
 [Fri Nov 28 21:24:53 2008] <rmayorga:#rm-bot> foobot: hola
 [Fri Nov 28 21:24:56 2008] <rmayorga:#rm-bot> @hola
 [Fri Nov 28 21:28:18 2008] <rmayorga:#rm-bot> foobot: hola
 [Fri Nov 28 21:28:24 2008] <rmayorga:#rm-bot> @hola
 [Fri Nov 28 21:35:02 2008] <rmayorga:#rm-bot> @hola
 [Fri Nov 28 21:35:04 2008] <rmayorga:#rm-bot> @hola
 [Fri Nov 28 21:35:05 2008] <rmayorga:#rm-bot> @hola
 [Fri Nov 28 21:35:06 2008] <rmayorga:#rm-bot> @hola
 [Fri Nov 28 21:35:07 2008] <rmayorga:#rm-bot> @hola
 [Fri Nov 28 21:37:07 2008] <rmayorga:#rm-bot> foobot: hola
 [Fri Nov 28 21:37:10 2008] <rmayorga:#rm-bot> @hola
 [Fri Nov 28 21:38:58 2008] <rmayorga:#rm-bot> @hola
 [Fri Nov 28 21:39:00 2008] <rmayorga:#rm-bot> foobot: hola
 [Fri Nov 28 21:41:18 2008] <rmayorga:#rm-bot> foobot: hola
 [Fri Nov 28 21:41:23 2008] <rmayorga:#rm-bot> @hola
 [Fri Nov 28 21:42:25 2008] <rmayorga:#rm-bot> foobot: hola
 [Fri Nov 28 21:42:40 2008] <rmayorga:#rm-bot> @hola
 [Fri Nov 28 21:46:48 2008] <rmayorga:#rm-bot> foobot: hola
 [Fri Nov 28 21:46:52 2008] <rmayorga:#rm-bot> @hola
 [Fri Nov 28 21:47:48 2008] <rmayorga:#rm-bot> foobot: hola
 [Fri Nov 28 21:47:53 2008] <rmayorga:#rm-bot> foobot, hola 
 [Fri Nov 28 21:48:03 2008] <rmayorga:#rm-bot> foobot; hola 
 [Fri Nov 28 21:48:07 2008] <rmayorga:#rm-bot> @hola
 [Fri Nov 28 21:48:11 2008] <rmayorga:#rm-bot> foobot: hola
 [Fri Nov 28 21:50:50 2008] <rmayorga:#rm-bot> foobot: hola
 [Fri Nov 28 21:50:54 2008] <rmayorga:#rm-bot> @hola
 [Fri Nov 28 21:56:24 2008] <rmayorga:#rm-bot> hola
 [Fri Nov 28 21:56:26 2008] <rmayorga:#rm-bot> foodhfdjgldgfsg
 [Fri Nov 28 21:56:29 2008] <rmayorga:#rm-bot> foobar
 [Fri Nov 28 21:56:37 2008] <rmayorga:#rm-bot> foobot: hola
 [Fri Nov 28 21:56:41 2008] <rmayorga:#rm-bot> foobot, hola
 [Fri Nov 28 21:56:45 2008] <rmayorga:#rm-bot> foobot; hola
 [Fri Nov 28 21:56:47 2008] <rmayorga:#rm-bot> foobot;  hola
 [Fri Nov 28 21:56:51 2008] <rmayorga:#rm-bot> @hola
 [Fri Nov 28 21:57:00 2008] <rmayorga:#rm-bot> @hola
 [Fri Nov 28 21:59:54 2008] <rmayorga:#rm-bot> @hola
 [Fri Nov 28 22:00:00 2008] <rmayorga:#rm-bot> foobot: hola
 [Fri Nov 28 22:00:04 2008] <rmayorga:#rm-bot> @hola
 [Fri Nov 28 22:02:19 2008] <rmayorga:#rm-bot> @hola
 [Fri Nov 28 22:02:39 2008] <rmayorga:#rm-bot> foobot: hola
 [Fri Nov 28 22:02:44 2008] <rmayorga:#rm-bot> @hola
 [Fri Nov 28 22:04:59 2008] <rmayorga:#rm-bot> foobot: hola
 [Fri Nov 28 22:05:29 2008] <rmayorga:#rm-bot> @hola
 [Fri Nov 28 22:06:26 2008] <rmayorga:#rm-bot> foobot: hola
 [Fri Nov 28 22:06:30 2008] <rmayorga:#rm-bot> @hola
 [Fri Nov 28 22:06:33 2008] <rmayorga:#rm-bot> @hola
 [Fri Nov 28 22:06:36 2008] <rmayorga:#rm-bot> foobot: hola
 [Fri Nov 28 22:08:10 2008] <rmayorga:#rm-bot> foobot: pong
 [Fri Nov 28 22:08:15 2008] <rmayorga:#rm-bot> foobot: ping
 [Fri Nov 28 22:08:18 2008] <rmayorga:#rm-bot> @ping
 [Fri Nov 28 22:30:43 2008] <rmayorga:#rm-bot> foobot: fortune
 [Fri Nov 28 22:33:12 2008] <rmayorga:#rm-bot> foobot: fortune
 [Fri Nov 28 22:33:23 2008] <rmayorga:#rm-bot> @fortune
 [Fri Nov 28 22:33:28 2008] <rmayorga:#rm-bot> @fortune
 [Fri Nov 28 22:33:30 2008] <rmayorga:#rm-bot> @fortune
 [Fri Nov 28 22:33:31 2008] <rmayorga:#rm-bot> @fortune
 [Fri Nov 28 22:33:35 2008] <rmayorga:#rm-bot> @fortune
 [Fri Nov 28 22:33:37 2008] <rmayorga:#rm-bot> @fortune
 [Fri Nov 28 22:33:38 2008] <rmayorga:#rm-bot> @fortune
 [Fri Nov 28 22:33:41 2008] <rmayorga:#rm-bot> @fortune
 [Fri Nov 28 22:33:44 2008] <rmayorga:#rm-bot> @fortune
 [Fri Nov 28 22:33:47 2008] <rmayorga:#rm-bot> @fortune
 [Fri Nov 28 22:33:55 2008] <rmayorga:#rm-bot> @fortune
 [Fri Nov 28 22:34:02 2008] <rmayorga:#rm-bot> @fortune
 [Fri Nov 28 22:34:05 2008] <rmayorga:#rm-bot> @fortune
 [Fri Nov 28 22:34:07 2008] <rmayorga:#rm-bot> @fortune
 [Fri Nov 28 22:34:08 2008] <rmayorga:#rm-bot> @fortune
 [Fri Nov 28 22:34:13 2008] <rmayorga:#rm-bot> @fortune
 [Fri Nov 28 22:34:16 2008] <rmayorga:#rm-bot> @fortune
 [Fri Nov 28 22:34:19 2008] <rmayorga:#rm-bot> @fortune
 [Fri Nov 28 22:34:20 2008] <rmayorga:#rm-bot> @fortune
 [Fri Nov 28 22:34:24 2008] <rmayorga:#rm-bot> @fortune
 [Fri Nov 28 22:34:26 2008] <rmayorga:#rm-bot> @fortune
 [Fri Nov 28 22:34:28 2008] <rmayorga:#rm-bot> @fortune
 [Fri Nov 28 22:34:31 2008] <rmayorga:#rm-bot> @fortune
 [Fri Nov 28 22:34:32 2008] <rmayorga:#rm-bot> @fortune
 [Fri Nov 28 22:34:34 2008] <rmayorga:#rm-bot> @fortune
 [Fri Nov 28 22:34:37 2008] <rmayorga:#rm-bot> @fortune
 [Fri Nov 28 22:35:14 2008] <rmayorga:#rm-bot> @fortune
 [Fri Nov 28 22:35:51 2008] <rmayorga:#rm-bot> @fortune
 [Fri Nov 28 22:35:54 2008] <rmayorga:#rm-bot> @fortune
 [Fri Nov 28 22:35:56 2008] <rmayorga:#rm-bot> @fortune
 [Fri Nov 28 22:35:58 2008] <rmayorga:#rm-bot> @fortune
 [Fri Nov 28 22:36:00 2008] <rmayorga:#rm-bot> @fortune
 [Fri Nov 28 22:36:03 2008] <rmayorga:#rm-bot> @fortune
 [Fri Nov 28 22:36:05 2008] <rmayorga:#rm-bot> @fortune
 [Fri Nov 28 22:36:07 2008] <rmayorga:#rm-bot> @fortune
 [Fri Nov 28 22:36:10 2008] <rmayorga:#rm-bot> @fortune
 [Fri Nov 28 22:36:12 2008] <rmayorga:#rm-bot> @fortune
 [Fri Nov 28 22:36:15 2008] <rmayorga:#rm-bot> @fortune
 [Fri Nov 28 22:36:18 2008] <rmayorga:#rm-bot> @fortune
 [Fri Nov 28 22:36:21 2008] <rmayorga:#rm-bot> @fortune
 [Fri Nov 28 22:36:23 2008] <rmayorga:#rm-bot> @fortune
 [Fri Nov 28 22:36:25 2008] <rmayorga:#rm-bot> @fortune
 [Fri Nov 28 22:36:28 2008] <rmayorga:#rm-bot> @fortune
 [Fri Nov 28 22:36:30 2008] <rmayorga:#rm-bot> @fortune
 [Fri Nov 28 22:36:33 2008] <rmayorga:#rm-bot> @fortune
 [Fri Nov 28 22:36:36 2008] <rmayorga:#rm-bot> @fortune
 [Fri Nov 28 23:02:14 2008] <rmayorga:#rm-bot> @google foo
 [Fri Nov 28 23:03:17 2008] <rmayorga:#rm-bot> @google foobar
 [Fri Nov 28 23:03:26 2008] <rmayorga:#rm-bot> @google foobar -reproductor
 [Fri Nov 28 23:03:33 2008] <rmayorga:#rm-bot> @google rene mayorga
 [Fri Nov 28 23:03:39 2008] <rmayorga:#rm-bot> @google rmayorga
 [Fri Nov 28 23:03:45 2008] <rmayorga:#rm-bot> @google debian
 [Fri Nov 28 23:04:01 2008] <rmayorga:#rm-bot> @google instalación debian nvidia
 [Fri Nov 28 23:04:51 2008] <rmayorga:#rm-bot> foobot: google linux hp tx1232
 [Fri Nov 28 23:12:06 2008] <rmayorga:#rm-bot> @decifrar camion
 [Fri Nov 28 23:12:36 2008] <rmayorga:#rm-bot> @decifrar cancion
 [Fri Nov 28 23:17:11 2008] <rmayorga:#rm-bot> @decifrar muntreal
 [Fri Nov 28 23:20:06 2008] <rmayorga:#rm-bot> @decifrar montreal
 [Fri Nov 28 23:20:38 2008] <rmayorga:#rm-bot> @decifrar cancion
 [Fri Nov 28 23:21:10 2008] <rmayorga:#rm-bot> @decifrar cancion
 [Fri Nov 28 23:21:55 2008] <rmayorga:#rm-bot> @decifrar cancion
 [Fri Nov 28 23:23:00 2008] <rmayorga:#rm-bot> @decifrar cancion
 [Fri Nov 28 23:23:06 2008] <rmayorga:#rm-bot> @decifrar muntreal
 [Fri Nov 28 23:23:14 2008] <rmayorga:#rm-bot> foobot: perro
 [Fri Nov 28 23:23:20 2008] <rmayorga:#rm-bot> foobot: decifrar perro
 [Fri Nov 28 23:27:03 2008] <rmayorga:#rm-bot> @decifrar ultimo
 [Sat Nov 29 00:56:55 2008] <rmayorga:#rm-bot> foobot: definir cigarro
 [Sat Nov 29 00:58:14 2008] <rmayorga:#rm-bot> foobot: fito paez
 [Sat Nov 29 00:58:21 2008] <rmayorga:#rm-bot> foobot: definir fito paez
 [Sat Nov 29 00:59:14 2008] <rmayorga:#rm-bot> foobot: definir El Salvador
 [Sat Nov 29 00:59:36 2008] <rmayorga:#rm-bot> foobot: definir fito paez
 [Sat Nov 29 01:04:07 2008] <rmayorga:#rm-bot> foobot: definir fito paez
 [Sat Nov 29 01:04:17 2008] <rmayorga:#rm-bot> foobot: definir calamar
 [Sat Nov 29 01:04:52 2008] <rmayorga:#rm-bot> @definir fluidos
 [Sat Nov 29 01:05:05 2008] <rmayorga:#rm-bot> @definir pedo
 [Sat Nov 29 01:06:41 2008] <rmayorga:#rm-bot> foobot: pene
 [Sat Nov 29 01:06:47 2008] <rmayorga:#rm-bot> foobot: definir pene
 [Sat Nov 29 01:07:04 2008] <rmayorga:#rm-bot> @definir vodka
 [Sat Nov 29 01:07:24 2008] <rmayorga:#rm-bot> @definir debian
 [Sat Nov 29 01:11:17 2008] <rmayorga:#rm-bot> @definir carne
 [Sat Nov 29 01:11:48 2008] <rmayorga:#rm-bot> @definir coito
 [Sat Nov 29 01:12:08 2008] <rmayorga:#rm-bot> @definir humano
 [Sat Nov 29 01:12:40 2008] <rmayorga:#rm-bot> @definir ubuntu
 [Sat Nov 29 01:13:10 2008] <rmayorga:#rm-bot> @definir avión
 [Sat Nov 29 01:13:15 2008] <rmayorga:#rm-bot> @definir avion
 [Sat Nov 29 01:19:08 2008] <rmayorga:#rm-bot> @definir chiste
 [Sat Nov 29 01:28:33 2008] <jmaslibre:#rm-bot> @ping
 [Sat Nov 29 01:29:12 2008] <jmaslibre:#rm-bot> @fortune
 [Sat Nov 29 01:29:43 2008] <jmaslibre:#rm-bot> @google jmaslibre
 [Sat Nov 29 01:30:05 2008] <jmaslibre:#rm-bot> raro que encuentre ese url :P
 [Sat Nov 29 01:30:37 2008] <jmaslibre:#rm-bot> @define guatemala
 [Sat Nov 29 01:30:52 2008] <jmaslibre:#rm-bot> @definir guatemala
 [Sat Nov 29 01:31:12 2008] <jmaslibre:#rm-bot> rmayorga: lo de la wikipedia si está deahuevo
 [Sat Nov 29 01:33:59 2008] <jmaslibre:#rm-bot> rmayorga: vos y te programas todo?, hasta lo de la conexión
 [Sat Nov 29 01:34:23 2008] <rmayorga:#rm-bot> jmaslibre: son módulos
 [Sat Nov 29 01:34:34 2008] <rmayorga:#rm-bot> lo que hago es el parse básicamente
 [Sat Nov 29 01:35:01 2008] <rmayorga:#rm-bot> veo que esta dando un error
 [Sat Nov 29 01:35:03 2008] <rmayorga:#rm-bot> pero no se por que
 [Sat Nov 29 01:35:04 2008] <rmayorga:#rm-bot> @ping
 [Sat Nov 29 01:35:13 2008] <rmayorga:#rm-bot> lo de 'comando no existe'
 [Sat Nov 29 01:35:50 2008] <rmayorga:#rm-bot> foobot: definir cerveza
 [Sat Nov 29 01:36:35 2008] <jmaslibre:#rm-bot> rmayorga: ta deahuevo, y te guarda log?
 [Sat Nov 29 01:36:42 2008] <rmayorga:#rm-bot> si
 [Sat Nov 29 01:36:48 2008] <jmaslibre:#rm-bot> rmayorga: http://los.talibanes-del.sl/~jmaslibre/irc/debiangt.html
 [Sat Nov 29 01:37:17 2008] <rmayorga:#rm-bot> solo que ahora el log es 'único'
 [Sat Nov 29 01:37:37 2008] <rmayorga:#rm-bot> entonces tendría que adecuarlo al que usa supybot o algun otro bot para parsearlo en pisg
 [Sat Nov 29 01:38:02 2008] <jmaslibre:#rm-bot> rmayorga: a pues si publica el codigo joven, con gusto, cabiamos el kernel del tio chema
 [Sat Nov 29 01:38:05 2008] <jmaslibre:#rm-bot> o/
 [Sat Nov 29 01:38:25 2008] <jmaslibre:#rm-bot> el del tio chema es un bot en lisp en emacs, que mutile
 [Sat Nov 29 01:38:36 2008] <rmayorga:#rm-bot> jmaslibre: http://los.talibanes-del.sl/~rmayorga/bot.pl
 [Sat Nov 29 01:38:39 2008] <jmaslibre:#rm-bot> para quitarle lo que no me pareció necesacio
 [Sat Nov 29 01:38:39 2008] <rmayorga:#rm-bot> lo acabo de subir
 [Sat Nov 29 01:39:28 2008] <jmaslibre:#rm-bot> rmayorga++
 [Sat Nov 29 01:40:12 2008] <rmayorga:#rm-bot> jmaslibre: si te fijas esta sencillo
 [Sat Nov 29 01:40:18 2008] <rmayorga:#rm-bot> solo es de meterle mas 'comandos'
 [Sat Nov 29 01:41:37 2008] <rmayorga:#rm-bot> foobot: definir emacs
 [Sat Nov 29 01:41:50 2008] <rmayorga:#rm-bot> y esos bugs
 [Sat Nov 29 01:41:55 2008] <jmaslibre:#rm-bot> foobot: emacs FTW!!!
 [Sat Nov 29 01:41:56 2008] <rmayorga:#rm-bot> como ese </ref> que se le fue
 [Sat Nov 29 01:42:16 2008] <jmaslibre:#rm-bot> rmayorga: Pues yo me apunto para agregarle comandos
 [Sat Nov 29 01:42:40 2008] <rmayorga:#rm-bot> jeje, es buen ejercicio para aprender perl
 [Sat Nov 29 01:42:52 2008] <rmayorga:#rm-bot> ahora lo que quiero hacer es un par de cosas, una basesita de datos en sqlite
 [Sat Nov 29 01:42:59 2008] <rmayorga:#rm-bot> y que tenga 'aprender que foo es bar'
 [Sat Nov 29 01:43:17 2008] <rmayorga:#rm-bot> luego que podas decirle @foo y diga 'según me contaron foo es bar'
 [Sat Nov 29 01:43:20 2008] <rmayorga:#rm-bot> o algo similar
 [Sat Nov 29 01:43:48 2008] <rmayorga:#rm-bot> luego pense en un 'flood' protection
 [Sat Nov 29 01:44:01 2008] <jmaslibre:#rm-bot> rmayorga: un feature para muy a futuro, sería poder meter dos instancias del bot que conversen entre ellos :p
 [Sat Nov 29 01:44:03 2008] <rmayorga:#rm-bot> en la misma DB llevar la 'cuenta' de los comandos que los usuarios estan dando en ese minuto
 [Sat Nov 29 01:44:22 2008] <rmayorga:#rm-bot> y digamos, si te pones con un @fortune unas 10 mil veces
 [Sat Nov 29 01:44:27 2008] <rmayorga:#rm-bot> que te aauto-putee-ignore
 [Sat Nov 29 01:44:28 2008] <jmaslibre:#rm-bot> si eso del flood es necesario
 [Sat Nov 29 01:44:32 2008] <jmaslibre:#rm-bot> XD
 [Sat Nov 29 01:44:54 2008] <rmayorga:#rm-bot> un @visto
 [Sat Nov 29 01:44:58 2008] <rmayorga:#rm-bot> siempre necesitas la DB
 [Sat Nov 29 01:45:01 2008] <jmaslibre:#rm-bot> ***foo-bot manda a la mierda a donFoo
 [Sat Nov 29 01:45:36 2008] <rmayorga:#rm-bot> para algo que salio en un par de horas no esta mal
 [Sat Nov 29 01:45:41 2008] <jmaslibre:#rm-bot> podría parsear el log, pero claro la DB es lo correcto
 [Sat Nov 29 01:45:52 2008] <rmayorga:#rm-bot> son pendejaditas, como distinguir si es @ o foobot 
 [Sat Nov 29 01:45:54 2008] <rmayorga:#rm-bot> eje, 
 [Sat Nov 29 01:45:57 2008] <rmayorga:#rm-bot> @ping
 [Sat Nov 29 01:46:01 2008] <rmayorga:#rm-bot> foobot: ping
 [Sat Nov 29 01:46:12 2008] <rmayorga:#rm-bot> cuando le decis con 'nick' responde con nick
 [Sat Nov 29 01:46:33 2008] <rmayorga:#rm-bot> eso del comando no existe estaba bien
 [Sat Nov 29 01:46:38 2008] <rmayorga:#rm-bot> algo toque y no me fije seguro
 [Sat Nov 29 01:49:07 2008] <jmaslibre:#rm-bot> rmayorga: es en los if
 [Sat Nov 29 01:49:21 2008] <rmayorga:#rm-bot> si, seguro algo toque xD
 [Sat Nov 29 01:49:21 2008] <jmaslibre:#rm-bot> veo que el comando no existe es else
 [Sat Nov 29 01:49:25 2008] <jmaslibre:#rm-bot> solo del ultimo if
 [Sat Nov 29 01:49:35 2008] <rmayorga:#rm-bot> ahhhh
 [Sat Nov 29 01:49:38 2008] <rmayorga:#rm-bot> { }
 [Sat Nov 29 01:49:39 2008] <rmayorga:#rm-bot> entonces
 [Sat Nov 29 01:49:40 2008] <rmayorga:#rm-bot> a ver
 [Thu Dec  4 19:27:42 2008] <rmayorga_:#rm-bot> @ping
 [Thu Dec  4 19:27:48 2008] <rmayorga_:#rm-bot> foobot: ping
 [Thu Dec  4 19:27:51 2008] <rmayorga_:#rm-bot> foobot: pong
 [Thu Dec  4 19:28:11 2008] <rmayorga_:#rm-bot> @definir semilla
 [Thu Dec  4 19:28:30 2008] <rmayorga_:#rm-bot> @definir raton
 [Thu Dec  4 19:28:35 2008] <rmayorga_:#rm-bot> @definir ratón
 [Thu Dec  4 19:28:41 2008] <rmayorga_:#rm-bot> @definir rata
 [Thu Dec  4 19:28:57 2008] <rmayorga_:#rm-bot> @definir teléfono
 [Thu Dec  4 19:29:02 2008] <rmayorga_:#rm-bot> @definir telefono
 [Thu Dec  4 19:29:41 2008] <rmayorga_:#rm-bot> @definir enfermera
 [Thu Dec  4 19:29:49 2008] <rmayorga_:#rm-bot> @definir maravilla
 [Thu Dec  4 19:30:01 2008] <rmayorga_:#rm-bot> @definir marihuana
 [Thu Dec  4 19:30:09 2008] <rmayorga_:#rm-bot> @definir muerte
 [Thu Dec  4 19:30:22 2008] <rmayorga_:#rm-bot> @definir fulminante
 [Thu Dec  4 20:13:39 2008] <super-nick:#rm-bot> foobot: hola
 [Thu Dec  4 20:15:27 2008] <super-nick:#rm-bot> hola
 [Thu Dec  4 20:16:23 2008] <super-nick:#rm-bot> bar
 [Thu Dec  4 20:18:22 2008] <super-nick:#rm-bot> joeoee
 [Thu Dec  4 20:22:29 2008] <super-nick:#rm-bot> hola
 [Thu Dec  4 20:25:00 2008] <super-nick:#rm-bot> hola
 [Thu Dec  4 20:35:11 2008] <super-nick:#rm-bot> hola bot gay
 [Thu Dec  4 20:35:41 2008] <super-nick:#rm-bot> hola bot gay
 [Thu Dec  4 20:35:48 2008] <super-nick:#rm-bot> @hola
 [Thu Dec  4 20:36:00 2008] <super-nick:#rm-bot> err
 [Thu Dec  4 20:36:39 2008] <super-nick:#rm-bot> @hola
 [Thu Dec  4 20:36:49 2008] <super-nick:#rm-bot> @ping
 [Thu Dec  4 20:36:52 2008] <super-nick:#rm-bot> @definir gay
 [Thu Dec  4 20:36:57 2008] <super-nick:#rm-bot> adios maje
 [Thu Dec  4 20:58:02 2008] <super-nick:#rm-bot> @visto rmayorga_
 [Thu Dec  4 21:01:42 2008] <super-nick:#rm-bot> @visto super-nick
 [Thu Dec  4 21:01:53 2008] <super-nick:#rm-bot> @visto foobar
 [Thu Dec  4 21:02:01 2008] <super-nick:#rm-bot> @visto alffff
 [Thu Dec  4 21:22:17 2008] <futibula:#rm-bot> blah
 [Thu Dec  4 21:22:18 2008] <futibula:#rm-bot> bleh
 [Thu Dec  4 21:22:20 2008] <futibula:#rm-bot> bur
 [Thu Dec  4 21:22:24 2008] <futibula:#rm-bot> @visto super-nick
 [Thu Dec  4 21:22:35 2008] <futibula:#rm-bot> @visto maravilla
 [Thu Dec  4 21:23:33 2008] <futibula:#rm-bot> @visto caligula
 [Thu Dec  4 21:23:45 2008] <futibula:#rm-bot> @ping
 [Thu Dec  4 21:24:26 2008] <futibula:#rm-bot> @definir piedra
 [Thu Dec  4 21:24:54 2008] <fh3uojf:#rm-bot> @visto futibola
 [Thu Dec  4 21:25:06 2008] <fh3uojf:#rm-bot> @visto futibula
 [Thu Dec  4 21:25:14 2008] <fh3uojf:#rm-bot> @visto futibula
 [Thu Dec  4 21:27:22 2008] <fh3uojf:#rm-bot> @visto fh3uojf
 [Thu Dec  4 21:27:31 2008] <fh3uojf:#rm-bot> @visto rmayorga_
 [Thu Dec  4 21:28:19 2008] <gmiguel:#rm-bot> foobot: hola
 [Thu Dec  4 21:28:26 2008] <fh3uojf:#rm-bot> jeje
 [Thu Dec  4 21:28:44 2008] <fh3uojf:#rm-bot> ahora solo tiene @definir, @ping @decifrar, @google
 [Thu Dec  4 21:28:50 2008] <gmiguel:#rm-bot> XD
 [Thu Dec  4 21:28:51 2008] <fh3uojf:#rm-bot> y estoy trabajando en el @visto
 [Thu Dec  4 21:28:54 2008] <fh3uojf:#rm-bot> ahh y @fortune
 [Thu Dec  4 21:29:01 2008] <fh3uojf:#rm-bot> foobot: fortune
 [Thu Dec  4 21:29:07 2008] <fh3uojf:#rm-bot> @fortune
 [Thu Dec  4 21:29:09 2008] <gmiguel:#rm-bot> foobot: google
 [Thu Dec  4 21:29:18 2008] <fh3uojf:#rm-bot> gmiguel: es google y busqueda
 [Thu Dec  4 21:29:27 2008] <fh3uojf:#rm-bot> foobot: google internet is for pr0n
 [Thu Dec  4 21:29:47 2008] <fh3uojf:#rm-bot> decifrar es el suggest de google
 [Thu Dec  4 21:29:51 2008] <fh3uojf:#rm-bot> @decifrar muntreal
 [Thu Dec  4 21:30:00 2008] <fh3uojf:#rm-bot> @decifrar mause
 [Thu Dec  4 21:30:10 2008] <fh3uojf:#rm-bot> y definir es la wikipedia
 [Thu Dec  4 21:30:13 2008] <fh3uojf:#rm-bot> @definir vodka
 [Thu Dec  4 21:30:26 2008] <gmiguel:#rm-bot> fh3uojf++
 [Thu Dec  4 21:30:34 2008] <fh3uojf:#rm-bot> @decifrar cigarro
 [Thu Dec  4 21:30:44 2008] <fh3uojf:#rm-bot> @definir cigarro
 [Thu Dec  4 21:30:56 2008] <fh3uojf:#rm-bot> gmiguel: ahora se me jodio lo de la db
 [Thu Dec  4 21:31:04 2008] <fh3uojf:#rm-bot> @visto gmiguel
 [Thu Dec  4 21:31:11 2008] <fh3uojf:#rm-bot> no conoce a nadie
 [Thu Dec  4 21:31:15 2008] <fh3uojf:#rm-bot> y en la DB si lo registra
 [Thu Dec  4 21:31:21 2008] <fh3uojf:#rm-bot> pero, por ahora me voy a cenar
 [Thu Dec  4 23:10:06 2008] <rmayorga1:#rm-bot> @visto rmayorga
 [Thu Dec  4 23:10:18 2008] <rmayorga1:#rm-bot> @visto gmiguel
 [Thu Dec  4 23:11:39 2008] <rmayorga1:#rm-bot> @visto gmiguel
 [Thu Dec  4 23:12:37 2008] <rmayorga1:#rm-bot> @visto gmiguel
 [Thu Dec  4 23:25:41 2008] <rmayorga1:#rm-bot> @visto super-nick
 [Thu Dec  4 23:32:54 2008] <rmayorga1:#rm-bot> @visto super-nick
 [Thu Dec  4 23:33:12 2008] <rmayorga1:#rm-bot> @visto gmiguel;
 [Thu Dec  4 23:47:22 2008] <rmayorga1:#rm-bot> @visto gmiguel
 [Fri Dec  5 00:08:31 2008] <rmayorga1:#rm-bot> @visto super-nick
 [Fri Dec  5 00:16:51 2008] <rmayorga:#rm-bot> @visto gmiguel
 [Fri Dec  5 00:16:58 2008] <rmayorga:#rm-bot> @ping
 [Fri Dec  5 00:17:03 2008] <rmayorga:#rm-bot> @ping
 [Fri Dec  5 00:18:03 2008] <rmayorga:#rm-bot> @ping
 [Fri Dec  5 00:18:09 2008] <rmayorga:#rm-bot> @visto fooberto
 [Fri Dec  5 00:18:19 2008] <rmayorga:#rm-bot> foobot: visto fooberto
 [Fri Dec  5 00:21:56 2008] <rmayorga:#rm-bot> nar
 [Fri Dec  5 00:22:04 2008] <barrabas:#rm-bot> fff
 [Fri Dec  5 00:22:28 2008] <barrabas:#rm-bot> dfdf
 [Fri Dec  5 00:22:33 2008] <ffff:#rm-bot> djdjd
 [Fri Dec  5 00:23:48 2008] <ffff:#rm-bot> ff
 [Fri Dec  5 00:23:58 2008] <ffff:#rm-bot> @visto ff
 [Fri Dec  5 00:25:00 2008] <ffff:#rm-bot> @visto ff
 [Fri Dec  5 00:25:08 2008] <ffff:#rm-bot> @visto gmiguel
 [Fri Dec  5 00:26:25 2008] <ffff:#rm-bot> @visto ff
 [Fri Dec  5 00:26:38 2008] <ffff:#rm-bot> @visto gmiguel
 [Fri Dec  5 00:27:05 2008] <ffff:#rm-bot> @visto gmiguel
 [Fri Dec  5 00:27:47 2008] <ffff:#rm-bot> @visto gmiguel
 [Fri Dec  5 00:27:52 2008] <ffff:#rm-bot> @visto fffs
 [Fri Dec  5 00:30:45 2008] <ffff:#rm-bot> @visto fffs
 [Fri Dec  5 00:30:49 2008] <ffff:#rm-bot> @visto gmiguel
 [Fri Dec  5 00:31:42 2008] <ffff:#rm-bot> @visto gmiguel
 [Fri Dec  5 00:31:45 2008] <ffff:#rm-bot> @visto fffs
 [Fri Dec  5 00:34:14 2008] <ffff:#rm-bot> @visto gmiguel
 [Fri Dec  5 00:34:15 2008] <ffff:#rm-bot> @visto fffs
 [Fri Dec  5 00:35:30 2008] <ffff:#rm-bot> @visto fffs
 [Fri Dec  5 00:35:34 2008] <ffff:#rm-bot> @visto gmiguel
 [Fri Dec  5 00:36:43 2008] <rmayorga:#debian-gt> jmaslibre: logre poner bien lo de @visto ^^
 [Fri Dec  5 00:36:45 2008] <rmayorga:#debian-gt> con sqlite
 [Fri Dec  5 00:39:11 2008] <ffff:#rm-bot> foobot: ping
 [Fri Dec  5 00:40:08 2008] <ffff:#rm-bot> @visto barrabas
 [Fri Dec  5 00:40:34 2008] <ffff:#rm-bot> @definir moco
 [Fri Dec  5 00:43:56 2008] <ffff:#rm-bot> @visto ardilla
 [Fri Dec  5 00:44:15 2008] <ffff:#rm-bot> @visto rmayorga
